<?xml version="1.0" encoding="UTF-8"?>
<testsuite xmlns:xsi="http://www.w3.org/2001/XMLSchema-instance" xsi:noNamespaceSchemaLocation="https://maven.apache.org/surefire/maven-surefire-plugin/xsd/surefire-test-report.xsd" name="TestSuite" time="10.783" tests="6" errors="0" skipped="0" failures="3">
  <properties>
[...]
</properties>
  <testcase name="validateCreateCustomerAPIWithInValidSecretKey" classname="com.w2a.APITestingFramework.testcases.CreateCustomerTest" time="2.332">
    <failure message="expected [200] but found [401]" type="java.lang.AssertionError">java.lang.AssertionError: expected [200] but found [401]
	at com.w2a.APITestingFramework.testcases.CreateCustomerTest.validateCreateCustomerAPIWithInValidSecretKey(CreateCustomerTest.java:41)
</failure>
    <system-out><![CDATA[Total rows are : 14
Test name is : validateCreateCustomerAPIWithInValidSecretKey
Test case starts from row num: 7
Total rows of data are : 1
Total cols are : 3
{
    "error": {
        "message": "Invalid API Key provided: sk_test_***********************N123",
        "type": "invalid_request_error"
    }
}
401
]]></system-out>
  </testcase>
  <testcase name="validateCreateCustomerAPIWithValidSecretKey" classname="com.w2a.APITestingFramework.testcases.CreateCustomerTest" time="0.847"/>
  <testcase name="validateCreateCustomerAPIWithValidSecretKey" classname="com.w2a.APITestingFramework.testcases.CreateCustomerTest" time="0.821"/>
  <testcase name="validateCreateCustomerAPIWithValidSecretKey" classname="com.w2a.APITestingFramework.testcases.CreateCustomerTest" time="0.906"/>
  <testcase name="deleteCustomer" classname="com.w2a.APITestingFramework.testcases.DeleteCustomerTest" time="0.981">
    <failure message="ID key is not present in the JSON response expected [true] but found [false]" type="java.lang.AssertionError">java.lang.AssertionError: ID key is not present in the JSON response expected [true] but found [false]
	at com.w2a.APITestingFramework.testcases.DeleteCustomerTest.deleteCustomer(DeleteCustomerTest.java:51)
</failure>
    <system-out><![CDATA[Total rows are : 14
Test name is : deleteCustomer
Test case starts from row num: 11
Total rows of data are : 2
Total cols are : 1
{
    "error": {
        "code": "resource_missing",
        "doc_url": "https://stripe.com/docs/error-codes/resource-missing",
        "message": "No such customer: cus_GNlt2FBIs7YE6u",
        "param": "id",
        "type": "invalid_request_error"
    }
}
404
Presence check for Object Key : false
Presence check for Deleted Key : false
]]></system-out>
  </testcase>
  <testcase name="deleteCustomer" classname="com.w2a.APITestingFramework.testcases.DeleteCustomerTest" time="0.903">
    <failure message="ID key is not present in the JSON response expected [true] but found [false]" type="java.lang.AssertionError">java.lang.AssertionError: ID key is not present in the JSON response expected [true] but found [false]
	at com.w2a.APITestingFramework.testcases.DeleteCustomerTest.deleteCustomer(DeleteCustomerTest.java:51)
</failure>
    <system-out><![CDATA[{
    "error": {
        "code": "resource_missing",
        "doc_url": "https://stripe.com/docs/error-codes/resource-missing",
        "message": "No such customer: cus_DlVwM6V1IrpVZQ",
        "param": "id",
        "type": "invalid_request_error"
    }
}
404
Presence check for Object Key : false
Presence check for Deleted Key : false
]]></system-out>
  </testcase>
</testsuite>